CS240: lab5. cs240 Mon Mar 9 23:13:39 EDT 2015  Total:  -20 of 75

CS240: lab5. cs240 Mon Mar 9 23:15:07 EDT 2015  Total:  -20 of 75

CS240: lab5. cs240 Mon Mar 9 23:15:21 EDT 2015  Total:  55 of 75

CS240: lab5. cs240 Mon Mar 9 23:16:12 EDT 2015  Total:  55 of 75

CS240: lab5. cs240 Mon Mar 9 23:17:37 EDT 2015  Total:  75 of 75

CS240: lab5. cs240 Tue Mar 10 00:05:07 EDT 2015  Total:  100 of 100

CS240: lab5. cs240 Tue Mar 10 00:14:16 EDT 2015  Total:  0 of 100

CS240: lab5. cs240 Tue Mar 10 00:15:06 EDT 2015  Total:  0 of 100

CS240: lab5. cs240 Tue Mar 10 00:17:18 EDT 2015  Total:  0 of 100

CS240: lab5. huang654 Tue Mar 10 15:29:57 EDT 2015  Total:  5 of 100

CS240: lab5. huang654 Tue Mar 10 15:33:15 EDT 2015  Total:  5 of 100

CS240: lab5. huang654 Tue Mar 10 15:35:11 EDT 2015  Total:  5 of 100

CS240: lab5. huang654 Tue Mar 10 15:35:44 EDT 2015  Total:  5 of 100

CS240: lab5. huang654 Tue Mar 10 15:39:23 EDT 2015  Total:  10 of 100

CS240: lab5. huang654 Tue Mar 10 15:39:51 EDT 2015  Total:  10 of 100

CS240: lab5. huang654 Tue Mar 10 15:56:59 EDT 2015  Total:  15 of 100

CS240: lab5. huang654 Tue Mar 10 16:01:32 EDT 2015  Total:  15 of 100

CS240: lab5. huang654 Tue Mar 10 16:02:53 EDT 2015  Total:  15 of 100

CS240: lab5. huang654 Tue Mar 10 16:03:02 EDT 2015  Total:  15 of 100

CS240: lab5. huang654 Tue Mar 10 16:12:25 EDT 2015  Total:  20 of 100

CS240: lab5. huang654 Tue Mar 10 16:18:35 EDT 2015  Total:  20 of 100

CS240: lab5. huang654 Tue Mar 10 16:25:03 EDT 2015  Total:  20 of 100

CS240: lab5. huang654 Tue Mar 10 16:25:49 EDT 2015  Total:  20 of 100

CS240: lab5. huang654 Tue Mar 10 16:26:25 EDT 2015  Total:  20 of 100

CS240: lab5. huang654 Tue Mar 10 16:52:01 EDT 2015  Total:  20 of 100

CS240: lab5. huang654 Tue Mar 10 16:52:38 EDT 2015  Total:  25 of 100

CS240: lab5. huang654 Tue Mar 10 16:55:23 EDT 2015  Total:  25 of 100

CS240: lab5. huang654 Tue Mar 10 16:59:33 EDT 2015  Total:  35 of 100

CS240: lab5. huang654 Tue Mar 10 17:03:09 EDT 2015  Total:  35 of 100

CS240: lab5. huang654 Wed Mar 11 20:43:50 EDT 2015  Total:  35 of 100

CS240: lab5. huang654 Wed Mar 11 20:47:02 EDT 2015  Total:  35 of 100

CS240: lab5. huang654 Wed Mar 11 20:47:31 EDT 2015  Total:  49 of 100

CS240: lab5. huang654 Wed Mar 11 20:48:29 EDT 2015  Total:  49 of 100

CS240: lab5. huang654 Wed Mar 11 20:50:36 EDT 2015  Total:  49 of 100

CS240: lab5. huang654 Wed Mar 11 20:55:31 EDT 2015  Total:  60 of 100

CS240: lab5. huang654 Wed Mar 11 20:57:46 EDT 2015  Total:  65 of 100

CS240: lab5. huang654 Wed Mar 11 21:07:16 EDT 2015  Total:  65 of 100

CS240: lab5. huang654 Wed Mar 11 21:10:22 EDT 2015  Total:  65 of 100

CS240: lab5. huang654 Fri Mar 20 00:26:23 EDT 2015  Total:  65 of 100

CS240: lab5. huang654 Sun Mar 22 19:11:16 EDT 2015  Total:  65 of 140

CS240: lab5. huang654 Sun Mar 22 19:51:42 EDT 2015  Total:  65 of 140

CS240: lab5. huang654 Sun Mar 22 20:07:27 EDT 2015  Total:  90 of 140

CS240: lab5. huang654 Sun Mar 22 20:09:47 EDT 2015  Total:  90 of 140

CS240: lab5. huang654 Sun Mar 22 20:15:05 EDT 2015  Total:  90 of 140

CS240: lab5. huang654 Sun Mar 22 20:15:12 EDT 2015  Total:  90 of 140

CS240: lab5. huang654 Sun Mar 22 20:15:23 EDT 2015  Total:  90 of 140

CS240: lab5. huang654 Sun Mar 22 20:26:38 EDT 2015  Total:  90 of 140

CS240: lab5. huang654 Sun Mar 22 20:26:50 EDT 2015  Total:  90 of 140

CS240: lab5. huang654 Sun Mar 22 20:44:03 EDT 2015  Total:  100 of 140

CS240: lab5. huang654 Sun Mar 22 20:47:51 EDT 2015  Total:  100 of 140

CS240: lab5. huang654 Sun Mar 22 20:56:15 EDT 2015  Total:  100 of 140

CS240: lab5. huang654 Sun Mar 22 21:15:40 EDT 2015  Total:  100 of 140

CS240: lab5. huang654 Sun Mar 22 21:25:04 EDT 2015  Total:  104 of 140

CS240: lab5. huang654 Sun Mar 22 21:27:55 EDT 2015  Total:  108 of 140

CS240: lab5. huang654 Sun Mar 22 21:29:56 EDT 2015  Total:  112 of 140

CS240: lab5. huang654 Sun Mar 22 21:44:23 EDT 2015  Total:  112 of 140

CS240: lab5. huang654 Sun Mar 22 21:45:07 EDT 2015  Total:  112 of 140

CS240: lab5. huang654 Sun Mar 22 21:48:21 EDT 2015  Total:  112 of 140

CS240: lab5. huang654 Sun Mar 22 21:55:25 EDT 2015  Total:  116 of 140

CS240: lab5. huang654 Sun Mar 22 21:58:20 EDT 2015  Total:  116 of 140

CS240: lab5. huang654 Sun Mar 22 22:00:35 EDT 2015  Total:  116 of 140

CS240: lab5. huang654 Sun Mar 22 22:05:01 EDT 2015  Total:  116 of 140

CS240: lab5. huang654 Sun Mar 22 22:05:28 EDT 2015  Total:  120 of 140

CS240: lab5. huang654 Mon Mar 23 08:38:34 EDT 2015  Total:  120 of 140

CS240: lab5. huang654 Mon Mar 23 08:48:58 EDT 2015  Total:  120 of 140

CS240: lab5. huang654 Mon Mar 23 08:54:37 EDT 2015  Total:  120 of 140

CS240: lab5. huang654 Mon Mar 23 09:05:18 EDT 2015  Total:  120 of 140

CS240: lab5. huang654 Mon Mar 23 09:05:45 EDT 2015  Total:  120 of 140

CS240: lab5. huang654 Mon Mar 23 09:05:49 EDT 2015  Total:  140 of 140

CS240: lab5. huang654 Tue Mar 24 15:30:14 EDT 2015  Total:  140 of 140

CS240: lab5. huang654 Tue Mar 24 15:38:19 EDT 2015  Total:  140 of 140

CS240: lab5. huang654 Tue Mar 24 15:42:19 EDT 2015  Total:  140 of 140

CS240: lab5. huang654 Tue Mar 24 16:36:20 EDT 2015  Total:  140 of 140

CS240: lab5. huang654 Tue Mar 24 17:19:28 EDT 2015  Total:  140 of 140

CS240: lab5. huang654 Mon Mar 30 20:22:32 EDT 2015  Total:  140 of 140

