CS240: lab6. cs240 Tue Mar 31 00:09:52 EDT 2015  Total:  0 of 12

CS240: lab6. cs240 Tue Mar 31 00:10:08 EDT 2015  Total:  12 of 12

CS240: lab6. cs240 Tue Mar 31 00:11:07 EDT 2015  Total:  0 of 12

CS240: lab6. cs240 Tue Mar 31 00:11:39 EDT 2015  Total:  0 of 12

CS240: lab6. cs240 Tue Mar 31 00:13:58 EDT 2015  Total:  0 of 12

CS240: lab6. huang654 Tue Mar 31 15:44:07 EDT 2015  Total:  2 of 12

CS240: lab6. huang654 Tue Mar 31 15:48:04 EDT 2015  Total:  4 of 12

CS240: lab6. huang654 Tue Mar 31 15:52:45 EDT 2015  Total:  8 of 12

CS240: lab6. huang654 Tue Mar 31 15:57:36 EDT 2015  Total:  8 of 12

CS240: lab6. huang654 Tue Mar 31 16:07:36 EDT 2015  Total:  12 of 12

CS240: lab6. huang654 Tue Mar 31 16:15:12 EDT 2015  Total:  12 of 12

CS240: lab6. huang654 Tue Mar 31 16:16:55 EDT 2015  Total:  12 of 12

CS240: lab6. huang654 Tue Mar 31 16:47:59 EDT 2015  Total:  12 of 12

CS240: lab6. huang654 Tue Mar 31 16:49:24 EDT 2015  Total:  12 of 12

CS240: lab6. huang654 Tue Mar 31 17:01:55 EDT 2015  Total:  12 of 12

CS240: lab6. huang654 Tue Mar 31 17:15:53 EDT 2015  Total:  12 of 12

CS240: lab6. huang654 Tue Mar 31 22:17:03 EDT 2015  Total:  12 of 12

CS240: lab6. huang654 Fri Apr 10 00:02:47 EDT 2015  Total:  12 of 12

CS240: lab6. huang654 Fri Apr 10 16:58:14 EDT 2015  Total:  12 of 12

CS240: lab6. huang654 Fri Apr 10 17:55:40 EDT 2015  Total:  12 of 12

CS240: lab6. huang654 Fri Apr 10 18:05:40 EDT 2015  Total:  12 of 12

CS240: lab6. huang654 Fri Apr 10 18:34:38 EDT 2015  Total:  12 of 12

CS240: lab6. huang654 Fri Apr 10 20:39:38 EDT 2015  Total:  12 of 12

CS240: lab6. huang654 Sat Apr 11 14:13:27 EDT 2015  Total:  12 of 12

CS240: lab6. huang654 Mon Apr 13 14:46:52 EDT 2015  Total:  12 of 62

CS240: lab6. huang654 Mon Apr 13 14:56:15 EDT 2015  Total:  12 of 62

CS240: lab6. huang654 Mon Apr 13 21:43:44 EDT 2015  Total:  12 of 62

CS240: lab6. huang654 Mon Apr 13 22:23:16 EDT 2015  Total:  27 of 62

CS240: lab6. huang654 Mon Apr 13 22:46:56 EDT 2015  Total:  27 of 62

CS240: lab6. huang654 Mon Apr 13 23:16:23 EDT 2015  Total:  27 of 62

CS240: lab6. huang654 Mon Apr 13 23:19:20 EDT 2015  Total:  32 of 62

CS240: lab6. huang654 Mon Apr 13 23:22:17 EDT 2015  Total:  37 of 62

CS240: lab6. huang654 Mon Apr 13 23:24:57 EDT 2015  Total:  37 of 62

CS240: lab6. huang654 Mon Apr 13 23:34:45 EDT 2015  Total:  42 of 62

CS240: lab6. huang654 Mon Apr 13 23:45:03 EDT 2015  Total:  42 of 62

CS240: lab6. huang654 Mon Apr 13 23:47:25 EDT 2015  Total:  42 of 62

CS240: lab6. huang654 Mon Apr 13 23:50:51 EDT 2015  Total:  37 of 62

CS240: lab6. huang654 Mon Apr 13 23:53:58 EDT 2015  Total:  52 of 62

CS240: lab6. huang654 Mon Apr 13 23:55:56 EDT 2015  Total:  52 of 62

CS240: lab6. huang654 Mon Apr 13 23:58:40 EDT 2015  Total:  57 of 62

CS240: lab6. huang654 Tue Apr 14 00:06:34 EDT 2015  Total:  62 of 62

CS240: lab6. huang654 Tue Apr 14 15:33:12 EDT 2015  Total:  62 of 62

CS240: lab6. huang654 Tue Apr 14 15:44:10 EDT 2015  Total:  62 of 62

CS240: lab6. huang654 Tue Apr 14 15:57:17 EDT 2015  Total:  62 of 62

CS240: lab6. huang654 Tue Apr 14 16:05:39 EDT 2015  Total:  62 of 62

CS240: lab6. huang654 Thu Apr 16 16:34:45 EDT 2015  Total:  47 of 62

CS240: lab6. huang654 Thu Apr 16 16:36:45 EDT 2015  Total:  57 of 62

CS240: lab6. huang654 Thu Apr 16 16:38:25 EDT 2015  Total:  62 of 62

CS240: lab6. huang654 Fri Apr 17 15:00:44 EDT 2015  Total:  62 of 62

CS240: lab6. huang654 Thu Apr 23 20:10:18 EDT 2015  Total:  62 of 62

CS240: lab6. huang654 Thu Apr 23 20:30:56 EDT 2015  Total:  62 of 62

CS240: lab6. huang654 Tue Apr 28 16:21:14 EDT 2015  Total:  62 of 62

