CS240: lab4. cs240 Mon Feb 16 10:16:28 EST 2015  Total:  21 of 112

CS240: lab4. cs240 Mon Feb 16 10:16:57 EST 2015  Total:  33 of 112

CS240: lab4. cs240 Mon Feb 16 10:17:48 EST 2015  Total:  33 of 112

CS240: lab4. cs240 Mon Feb 16 10:17:55 EST 2015  Total:  33 of 112

CS240: lab4. cs240 Mon Feb 16 11:08:32 EST 2015  Total:  36 of 115

CS240: lab4. owner Mon, Feb 16, 2015 8:34:34 PM  Total:  0 of 72

CS240: lab4. owner Mon, Feb 16, 2015 8:37:29 PM  Total:  72 of 72

CS240: lab4. cs240 Mon Feb 16 21:18:26 EST 2015  Total:  9 of 72

CS240: lab4. cs240 Mon Feb 16 21:22:59 EST 2015  Total:  9 of 72

CS240: lab4. huang654 Tue Feb 17 15:30:08 EST 2015  Total:  9 of 72

CS240: lab4. huang654 Tue Feb 17 15:59:16 EST 2015  Total:  12 of 72

CS240: lab4. huang654 Tue Feb 17 16:00:40 EST 2015  Total:  12 of 72

CS240: lab4. huang654 Tue Feb 17 16:03:34 EST 2015  Total:  12 of 72

CS240: lab4. huang654 Tue Feb 17 16:11:52 EST 2015  Total:  21 of 72

CS240: lab4. huang654 Tue Feb 17 16:17:20 EST 2015  Total:  24 of 72

CS240: lab4. huang654 Tue Feb 17 16:25:45 EST 2015  Total:  27 of 72

CS240: lab4. huang654 Tue Feb 17 16:35:37 EST 2015  Total:  27 of 72

CS240: lab4. huang654 Tue Feb 17 16:35:43 EST 2015  Total:  27 of 72

CS240: lab4. huang654 Tue Feb 17 16:36:40 EST 2015  Total:  27 of 72

CS240: lab4. huang654 Tue Feb 17 16:37:55 EST 2015  Total:  27 of 72

CS240: lab4. huang654 Tue Feb 17 16:38:15 EST 2015  Total:  27 of 72

CS240: lab4. huang654 Tue Feb 17 16:39:27 EST 2015  Total:  27 of 72

CS240: lab4. huang654 Tue Feb 17 16:41:33 EST 2015  Total:  27 of 72

CS240: lab4. huang654 Tue Feb 17 16:41:40 EST 2015  Total:  27 of 72

CS240: lab4. huang654 Tue Feb 17 16:44:02 EST 2015  Total:  27 of 72

CS240: lab4. huang654 Tue Feb 17 16:52:24 EST 2015  Total:  27 of 75

CS240: lab4. huang654 Tue Feb 17 16:52:31 EST 2015  Total:  27 of 75

CS240: lab4. huang654 Tue Feb 17 16:53:28 EST 2015  Total:  27 of 75

CS240: lab4. huang654 Tue Feb 17 16:59:30 EST 2015  Total:  27 of 75

CS240: lab4. huang654 Tue Feb 17 16:59:40 EST 2015  Total:  27 of 75

CS240: lab4. huang654 Tue Feb 17 17:11:10 EST 2015  Total:  30 of 75

CS240: lab4. huang654 Tue Feb 17 17:15:32 EST 2015  Total:  30 of 75

CS240: lab4. huang654 Tue Feb 17 17:15:44 EST 2015  Total:  30 of 75

CS240: lab4. huang654 Tue Feb 17 17:16:39 EST 2015  Total:  33 of 75

CS240: lab4. huang654 Tue Feb 17 17:17:35 EST 2015  Total:  36 of 75

CS240: lab4. huang654 Tue Feb 17 17:19:53 EST 2015  Total:  39 of 75

CS240: lab4. huang654 Wed Feb 18 08:45:10 EST 2015  Total:  39 of 75

CS240: lab4. huang654 Wed Feb 18 08:46:22 EST 2015  Total:  42 of 75

CS240: lab4. huang654 Wed Feb 18 08:52:13 EST 2015  Total:  42 of 75

CS240: lab4. huang654 Wed Feb 18 08:54:15 EST 2015  Total:  42 of 75

CS240: lab4. huang654 Wed Feb 18 08:54:26 EST 2015  Total:  42 of 75

CS240: lab4. huang654 Wed Feb 18 09:13:12 EST 2015  Total:  42 of 75

CS240: lab4. huang654 Wed Feb 18 15:34:45 EST 2015  Total:  42 of 75

CS240: lab4. huang654 Wed Feb 18 15:39:58 EST 2015  Total:  45 of 75

CS240: lab4. huang654 Wed Feb 18 15:46:14 EST 2015  Total:  45 of 75

CS240: lab4. huang654 Wed Feb 18 15:47:49 EST 2015  Total:  48 of 75

CS240: lab4. huang654 Wed Feb 18 15:50:48 EST 2015  Total:  48 of 75

CS240: lab4. huang654 Wed Feb 18 15:51:13 EST 2015  Total:  51 of 75

CS240: lab4. huang654 Wed Feb 18 15:52:48 EST 2015  Total:  54 of 75

CS240: lab4. huang654 Wed Feb 18 15:54:07 EST 2015  Total:  57 of 75

CS240: lab4. huang654 Wed Feb 18 15:59:48 EST 2015  Total:  57 of 75

CS240: lab4. huang654 Wed Feb 18 16:00:45 EST 2015  Total:  57 of 75

CS240: lab4. huang654 Wed Feb 18 16:02:05 EST 2015  Total:  57 of 75

CS240: lab4. huang654 Wed Feb 18 16:03:50 EST 2015  Total:  57 of 75

CS240: lab4. huang654 Wed Feb 18 16:08:54 EST 2015  Total:  57 of 75

CS240: lab4. huang654 Wed Feb 18 16:11:21 EST 2015  Total:  57 of 75

CS240: lab4. huang654 Wed Feb 18 16:12:56 EST 2015  Total:  57 of 75

CS240: lab4. huang654 Wed Feb 18 16:18:23 EST 2015  Total:  57 of 75

CS240: lab4. huang654 Wed Feb 18 16:23:06 EST 2015  Total:  57 of 75

CS240: lab4. huang654 Wed Feb 18 16:26:11 EST 2015  Total:  60 of 75

CS240: lab4. huang654 Wed Feb 18 16:27:59 EST 2015  Total:  60 of 75

CS240: lab4. huang654 Wed Feb 18 16:32:59 EST 2015  Total:  60 of 75

CS240: lab4. huang654 Wed Feb 18 16:36:53 EST 2015  Total:  60 of 75

CS240: lab4. huang654 Wed Feb 18 22:17:40 EST 2015  Total:  60 of 75

CS240: lab4. huang654 Wed Feb 18 22:20:01 EST 2015  Total:  60 of 75

CS240: lab4. huang654 Wed Feb 18 22:21:00 EST 2015  Total:  60 of 75

CS240: lab4. huang654 Wed Feb 18 22:22:46 EST 2015  Total:  63 of 75

CS240: lab4. huang654 Wed Feb 18 22:29:18 EST 2015  Total:  63 of 75

CS240: lab4. huang654 Wed Feb 18 22:32:58 EST 2015  Total:  63 of 75

CS240: lab4. huang654 Wed Feb 18 22:47:47 EST 2015  Total:  63 of 75

CS240: lab4. huang654 Wed Feb 18 22:52:01 EST 2015  Total:  63 of 75

CS240: lab4. huang654 Wed Feb 18 22:53:47 EST 2015  Total:  63 of 75

CS240: lab4. huang654 Wed Feb 18 22:54:41 EST 2015  Total:  63 of 75

CS240: lab4. huang654 Wed Feb 18 22:55:06 EST 2015  Total:  63 of 75

CS240: lab4. huang654 Sat Feb 21 14:15:51 EST 2015  Total:  63 of 75

CS240: lab4. huang654 Sat Feb 21 14:18:44 EST 2015  Total:  63 of 75

CS240: lab4. huang654 Sat Feb 21 14:23:52 EST 2015  Total:  63 of 75

CS240: lab4. huang654 Sat Feb 21 14:24:18 EST 2015  Total:  63 of 75

CS240: lab4. huang654 Sat Feb 21 14:24:36 EST 2015  Total:  63 of 75

CS240: lab4. huang654 Sun Feb 22 21:13:25 EST 2015  Total:  66 of 75

CS240: lab4. huang654 Sun Feb 22 21:15:47 EST 2015  Total:  66 of 75

CS240: lab4. huang654 Sun Feb 22 21:37:22 EST 2015  Total:  69 of 75

CS240: lab4. huang654 Sun Feb 22 21:39:20 EST 2015  Total:  72 of 75

CS240: lab4. huang654 Sun Feb 22 21:39:59 EST 2015  Total:  69 of 75

CS240: lab4. huang654 Sun Feb 22 21:40:10 EST 2015  Total:  69 of 75

CS240: lab4. huang654 Sun Feb 22 21:43:08 EST 2015  Total:  69 of 75

CS240: lab4. huang654 Sun Feb 22 21:47:07 EST 2015  Total:  69 of 75

CS240: lab4. huang654 Sun Feb 22 21:48:16 EST 2015  Total:  72 of 75

CS240: lab4. huang654 Sun Feb 22 22:03:23 EST 2015  Total:  72 of 75

CS240: lab4. huang654 Sun Feb 22 22:04:30 EST 2015  Total:  75 of 75

CS240: lab4. huang654 Sun Feb 22 22:06:09 EST 2015  Total:  75 of 75

CS240: lab4. huang654 Mon Feb 23 08:50:18 EST 2015  Total:  72 of 75

CS240: lab4. huang654 Mon Feb 23 08:52:45 EST 2015  Total:  72 of 75

CS240: lab4. huang654 Mon Feb 23 08:53:44 EST 2015  Total:  75 of 75

CS240: lab4. huang654 Mon Feb 23 08:56:29 EST 2015  Total:  75 of 75

CS240: lab4. huang654 Tue Feb 24 01:30:38 EST 2015  Total:  72 of 100

CS240: lab4. huang654 Tue Feb 24 01:31:50 EST 2015  Total:  75 of 103

CS240: lab4. huang654 Tue Feb 24 01:32:03 EST 2015  Total:  72 of 100

CS240: lab4. huang654 Tue Feb 24 01:35:16 EST 2015  Total:  72 of 100

CS240: lab4. huang654 Tue Feb 24 01:40:54 EST 2015  Total:  72 of 100

CS240: lab4. huang654 Tue Feb 24 01:44:11 EST 2015  Total:  72 of 100

CS240: lab4. huang654 Tue Feb 24 01:46:23 EST 2015  Total:  72 of 100

CS240: lab4. huang654 Tue Feb 24 15:32:42 EST 2015  Total:  72 of 100

CS240: lab4. huang654 Tue Feb 24 15:35:14 EST 2015  Total:  80 of 100

CS240: lab4. huang654 Tue Feb 24 15:36:09 EST 2015  Total:  72 of 100

CS240: lab4. huang654 Tue Feb 24 15:37:15 EST 2015  Total:  80 of 100

CS240: lab4. huang654 Tue Feb 24 15:56:32 EST 2015  Total:  80 of 100

CS240: lab4. huang654 Tue Feb 24 15:57:10 EST 2015  Total:  80 of 100

CS240: lab4. huang654 Tue Feb 24 15:58:03 EST 2015  Total:  80 of 100

CS240: lab4. huang654 Tue Feb 24 16:03:29 EST 2015  Total:  80 of 100

CS240: lab4. huang654 Tue Feb 24 16:04:06 EST 2015  Total:  80 of 100

CS240: lab4. huang654 Tue Feb 24 16:04:57 EST 2015  Total:  80 of 100

CS240: lab4. huang654 Tue Feb 24 16:26:59 EST 2015  Total:  80 of 100

CS240: lab4. huang654 Tue Feb 24 16:38:06 EST 2015  Total:  80 of 100

CS240: lab4. huang654 Tue Feb 24 16:42:40 EST 2015  Total:  80 of 100

CS240: lab4. huang654 Tue Feb 24 17:03:53 EST 2015  Total:  80 of 100

CS240: lab4. huang654 Tue Feb 24 17:11:37 EST 2015  Total:  72 of 100

CS240: lab4. huang654 Tue Feb 24 17:35:39 EST 2015  Total:  80 of 100

CS240: lab4. huang654 Tue Feb 24 17:41:08 EST 2015  Total:  80 of 100

CS240: lab4. huang654 Wed Feb 25 08:44:39 EST 2015  Total:  80 of 100

CS240: lab4. huang654 Wed Feb 25 08:51:59 EST 2015  Total:  80 of 100

CS240: lab4. huang654 Wed Feb 25 10:06:18 EST 2015  Total:  80 of 100

CS240: lab4. huang654 Wed Feb 25 10:07:57 EST 2015  Total:  80 of 100

CS240: lab4. huang654 Wed Feb 25 10:09:03 EST 2015  Total:  88 of 100

CS240: lab4. huang654 Wed Feb 25 10:57:17 EST 2015  Total:  88 of 100

CS240: lab4. huang654 Wed Feb 25 11:04:56 EST 2015  Total:  88 of 100

CS240: lab4. huang654 Wed Feb 25 11:05:27 EST 2015  Total:  88 of 100

CS240: lab4. huang654 Wed Feb 25 11:06:28 EST 2015  Total:  88 of 100

CS240: lab4. huang654 Wed Feb 25 11:06:50 EST 2015  Total:  91 of 100

CS240: lab4. huang654 Wed Feb 25 11:30:15 EST 2015  Total:  91 of 100

CS240: lab4. huang654 Wed Feb 25 11:32:59 EST 2015  Total:  80 of 100

CS240: lab4. huang654 Wed Feb 25 11:34:20 EST 2015  Total:  91 of 100

CS240: lab4. huang654 Wed Feb 25 11:46:35 EST 2015  Total:  91 of 100

CS240: lab4. huang654 Wed Feb 25 11:55:56 EST 2015  Total:  100 of 100

CS240: lab4. huang654 Wed Feb 25 11:56:49 EST 2015  Total:  100 of 100

CS240: lab4. huang654 Wed Feb 25 22:26:32 EST 2015  Total:  100 of 100

CS240: lab4. huang654 Sun Mar 1 20:05:09 EST 2015  Total:  100 of 100

CS240: lab4. huang654 Thu Mar 5 15:23:47 EST 2015  Total:  100 of 100

