

-------------------------------------------------
CS240: lab3b . cs240   
Mon Feb  9 11:04:09 EST 2015
-------------------------------------------------
./convert                           : 0   of 3  
./convert 10                        : 0   of 3  
./convert 10 10                     : 0   of 3  
./convert 10 10                     : 0   of 3  
./convert 10 10 10                  : 0   of 3  
./convert 16 10 FF                  : 0   of 3  
./convert 16 10 100                 : 0   of 3  
./convert 10 8 20                   : 0   of 3  
./convert 10 2 127                  : 0   of 3  
./convert 10 16 8191                : 0   of 3  
./convert 10 25 100077900           : 0   of 3  
./convert 2 16 100010001111         : 0   of 3  
./convert 5 10 1234                 : 0   of 3  
./convert 5 10 123456               : 0   of 3  
-------------------------------------------------
CS240: lab3b. cs240 Mon Feb 9 11:04:09 EST 2015  Total:  0 of 42



-------------------------------------------------
CS240: lab3b . cs240   
Mon Feb  9 11:19:55 EST 2015
-------------------------------------------------
./convert                           : 0   of 1  
./convert 10                        : 0   of 1  
./convert 10 10                     : 0   of 1  
./convert 10 10                     : 0   of 1  
./convert 10 10 10                  : 0   of 1  
./convert 16 10 FF                  : 0   of 1  
./convert 16 10 100                 : 0   of 1  
./convert 10 8 20                   : 0   of 1  
./convert 10 2 127                  : 0   of 1  
./convert 10 16 8191                : 0   of 1  
./convert 10 25 100077900           : 0   of 1  
./convert 2 16 100010001111         : 0   of 1  
./convert 5 10 1234                 : 0   of 1  
./convert 5 10 123456               : 0   of 1  
-------------------------------------------------
CS240: lab3b. cs240 Mon Feb 9 11:19:55 EST 2015  Total:  0 of 14



-------------------------------------------------
CS240: lab3b . cs240   
Mon Feb  9 11:24:28 EST 2015
-------------------------------------------------
./convert                           : 0   of 1  
./convert 10                        : 0   of 1  
./convert 10 10                     : 0   of 1  
./convert 10 10                     : 0   of 1  
./convert 10 10 10                  : 0   of 1  
./convert 16 10 FF                  : 0   of 1  
./convert 16 10 100                 : 0   of 1  
./convert 10 8 20                   : 0   of 1  
./convert 10 2 127                  : 0   of 1  
./convert 10 16 8191                : 0   of 1  
./convert 10 25 100077900           : 0   of 1  
./convert 2 16 100010001111         : 0   of 1  
./convert 5 10 1234                 : 0   of 1  
./convert 5 10 123456               : 0   of 1  
-------------------------------------------------
CS240: lab3b. cs240 Mon Feb 9 11:24:28 EST 2015  Total:  0 of 14



-------------------------------------------------
CS240: lab3b . huang654   
Fri Feb 13 11:38:20 EST 2015
-------------------------------------------------
./convert                           : 0   of 1  
./convert 10                        : 0   of 1  
./convert 10 10                     : 0   of 1  
./convert 10 10                     : 0   of 1  
./convert 10 10 10                  : 0   of 1  
./convert 16 10 FF                  : 0   of 1  
./convert 16 10 100                 : 0   of 1  
./convert 10 8 20                   : 0   of 1  
./convert 10 2 127                  : 0   of 1  
./convert 10 16 8191                : 0   of 1  
./convert 10 25 100077900           : 0   of 1  
./convert 2 16 100010001111         : 0   of 1  
./convert 5 10 1234                 : 0   of 1  
./convert 5 10 123456               : 0   of 1  
-------------------------------------------------
CS240: lab3b. huang654 Fri Feb 13 11:38:20 EST 2015  Total:  0 of 14



-------------------------------------------------
CS240: lab3b . huang654   
Fri Feb 13 11:43:28 EST 2015
-------------------------------------------------
./convert                           : 0   of 1  
./convert 10                        : 0   of 1  
./convert 10 10                     : 0   of 1  
./convert 10 10                     : 0   of 1  
./convert 10 10 10                  : 0   of 1  
./convert 16 10 FF                  : 0   of 1  
./convert 16 10 100                 : 0   of 1  
./convert 10 8 20                   : 0   of 1  
./convert 10 2 127                  : 0   of 1  
./convert 10 16 8191                : 0   of 1  
./convert 10 25 100077900           : 0   of 1  
./convert 2 16 100010001111         : 0   of 1  
./convert 5 10 1234                 : 0   of 1  
./convert 5 10 123456               : 0   of 1  
-------------------------------------------------
CS240: lab3b. huang654 Fri Feb 13 11:43:28 EST 2015  Total:  0 of 14



-------------------------------------------------
CS240: lab3b . huang654   
Fri Feb 13 11:44:44 EST 2015
-------------------------------------------------
./convert                           : 0   of 1  
./convert 10                        : 0   of 1  
./convert 10 10                     : 0   of 1  
./convert 10 10                     : 0   of 1  
./convert 10 10 10                  : 0   of 1  
./convert 16 10 FF                  : 0   of 1  
./convert 16 10 100                 : 0   of 1  
./convert 10 8 20                   : 0   of 1  
./convert 10 2 127                  : 0   of 1  
./convert 10 16 8191                : 0   of 1  
./convert 10 25 100077900           : 0   of 1  
./convert 2 16 100010001111         : 0   of 1  
./convert 5 10 1234                 : 0   of 1  
./convert 5 10 123456               : 0   of 1  
-------------------------------------------------
CS240: lab3b. huang654 Fri Feb 13 11:44:44 EST 2015  Total:  0 of 14



-------------------------------------------------
CS240: lab3b . huang654   
Fri Feb 13 11:47:15 EST 2015
-------------------------------------------------
./convert                           : 0   of 1  
./convert 10                        : 0   of 1  
./convert 10 10                     : 0   of 1  
./convert 10 10                     : 0   of 1  
./convert 10 10 10                  : 0   of 1  
./convert 16 10 FF                  : 0   of 1  
./convert 16 10 100                 : 0   of 1  
./convert 10 8 20                   : 0   of 1  
./convert 10 2 127                  : 0   of 1  
./convert 10 16 8191                : 0   of 1  
./convert 10 25 100077900           : 0   of 1  
./convert 2 16 100010001111         : 0   of 1  
./convert 5 10 1234                 : 0   of 1  
./convert 5 10 123456               : 0   of 1  
-------------------------------------------------
CS240: lab3b. huang654 Fri Feb 13 11:47:15 EST 2015  Total:  0 of 14



-------------------------------------------------
CS240: lab3b . huang654   
Fri Feb 13 11:47:36 EST 2015
-------------------------------------------------
./convert                           : 0   of 1  
./convert 10                        : 0   of 1  
./convert 10 10                     : 0   of 1  
./convert 10 10                     : 0   of 1  
./convert 10 10 10                  : 0   of 1  
./convert 16 10 FF                  : 0   of 1  
./convert 16 10 100                 : 0   of 1  
./convert 10 8 20                   : 0   of 1  
./convert 10 2 127                  : 0   of 1  
./convert 10 16 8191                : 0   of 1  
./convert 10 25 100077900           : 0   of 1  
./convert 2 16 100010001111         : 0   of 1  
./convert 5 10 1234                 : 0   of 1  
./convert 5 10 123456               : 0   of 1  
-------------------------------------------------
CS240: lab3b. huang654 Fri Feb 13 11:47:36 EST 2015  Total:  0 of 14



-------------------------------------------------
CS240: lab3b . huang654   
Fri Feb 13 11:48:10 EST 2015
-------------------------------------------------
./convert                           : 1   of 1  
./convert 10                        : 1   of 1  
./convert 10 10                     : 0   of 1  
./convert 10 10                     : 0   of 1  
./convert 10 10 10                  : 0   of 1  
./convert 16 10 FF                  : 0   of 1  
./convert 16 10 100                 : 0   of 1  
./convert 10 8 20                   : 0   of 1  
./convert 10 2 127                  : 0   of 1  
./convert 10 16 8191                : 0   of 1  
./convert 10 25 100077900           : 0   of 1  
./convert 2 16 100010001111         : 0   of 1  
./convert 5 10 1234                 : 0   of 1  
./convert 5 10 123456               : 0   of 1  
-------------------------------------------------
CS240: lab3b. huang654 Fri Feb 13 11:48:10 EST 2015  Total:  2 of 14



-------------------------------------------------
CS240: lab3b . huang654   
Fri Feb 13 11:48:42 EST 2015
-------------------------------------------------
./convert                           : 1   of 1  
./convert 10                        : 1   of 1  
./convert 10 10                     : 1   of 1  
./convert 10 10                     : 1   of 1  
./convert 10 10 10                  : 0   of 1  
./convert 16 10 FF                  : 0   of 1  
./convert 16 10 100                 : 0   of 1  
./convert 10 8 20                   : 0   of 1  
./convert 10 2 127                  : 0   of 1  
./convert 10 16 8191                : 0   of 1  
./convert 10 25 100077900           : 0   of 1  
./convert 2 16 100010001111         : 0   of 1  
./convert 5 10 1234                 : 0   of 1  
./convert 5 10 123456               : 0   of 1  
-------------------------------------------------
CS240: lab3b. huang654 Fri Feb 13 11:48:42 EST 2015  Total:  4 of 14



-------------------------------------------------
CS240: lab3b . huang654   
Fri Feb 13 11:50:57 EST 2015
-------------------------------------------------
./convert                           : 1   of 1  
./convert 10                        : 1   of 1  
./convert 10 10                     : 1   of 1  
./convert 10 10                     : 1   of 1  
./convert 10 10 10                  : 0   of 1  
./convert 16 10 FF                  : 0   of 1  
./convert 16 10 100                 : 0   of 1  
./convert 10 8 20                   : 0   of 1  
./convert 10 2 127                  : 0   of 1  
./convert 10 16 8191                : 0   of 1  
./convert 10 25 100077900           : 0   of 1  
./convert 2 16 100010001111         : 0   of 1  
./convert 5 10 1234                 : 0   of 1  
./convert 5 10 123456               : 0   of 1  
-------------------------------------------------
CS240: lab3b. huang654 Fri Feb 13 11:50:57 EST 2015  Total:  4 of 14



-------------------------------------------------
CS240: lab3b . huang654   
Fri Feb 13 12:08:30 EST 2015
-------------------------------------------------
./convert                           : 1   of 1  
./convert 10                        : 1   of 1  
./convert 10 10                     : 1   of 1  
./convert 10 10                     : 1   of 1  
./convert 10 10 10                  : 0   of 1  
./convert 16 10 FF                  : 0   of 1  
./convert 16 10 100                 : 0   of 1  
./convert 10 8 20                   : 0   of 1  
./convert 10 2 127                  : 0   of 1  
./convert 10 16 8191                : 0   of 1  
./convert 10 25 100077900           : 0   of 1  
./convert 2 16 100010001111         : 0   of 1  
./convert 5 10 1234                 : 0   of 1  
./convert 5 10 123456               : 0   of 1  
-------------------------------------------------
CS240: lab3b. huang654 Fri Feb 13 12:08:30 EST 2015  Total:  4 of 14



-------------------------------------------------
CS240: lab3b . huang654   
Fri Feb 13 12:16:25 EST 2015
-------------------------------------------------
./convert                           : 1   of 1  
./convert 10                        : 1   of 1  
./convert 10 10                     : 1   of 1  
./convert 10 10                     : 1   of 1  
./convert 10 10 10                  : 0   of 1  
./convert 16 10 FF                  : 0   of 1  
./convert 16 10 100                 : 0   of 1  
./convert 10 8 20                   : 0   of 1  
./convert 10 2 127                  : 0   of 1  
./convert 10 16 8191                : 0   of 1  
./convert 10 25 100077900           : 0   of 1  
./convert 2 16 100010001111         : 0   of 1  
./convert 5 10 1234                 : 0   of 1  
./convert 5 10 123456               : 0   of 1  
-------------------------------------------------
CS240: lab3b. huang654 Fri Feb 13 12:16:25 EST 2015  Total:  4 of 14



-------------------------------------------------
CS240: lab3b . huang654   
Fri Feb 13 12:16:46 EST 2015
-------------------------------------------------
./convert                           : 1   of 1  
./convert 10                        : 1   of 1  
./convert 10 10                     : 1   of 1  
./convert 10 10                     : 1   of 1  
./convert 10 10 10                  : 0   of 1  
./convert 16 10 FF                  : 0   of 1  
./convert 16 10 100                 : 0   of 1  
./convert 10 8 20                   : 0   of 1  
./convert 10 2 127                  : 0   of 1  
./convert 10 16 8191                : 0   of 1  
./convert 10 25 100077900           : 0   of 1  
./convert 2 16 100010001111         : 0   of 1  
./convert 5 10 1234                 : 0   of 1  
./convert 5 10 123456               : 0   of 1  
-------------------------------------------------
CS240: lab3b. huang654 Fri Feb 13 12:16:46 EST 2015  Total:  4 of 14



-------------------------------------------------
CS240: lab3b . huang654   
Fri Feb 13 12:17:04 EST 2015
-------------------------------------------------
./convert                           : 1   of 1  
./convert 10                        : 1   of 1  
./convert 10 10                     : 1   of 1  
./convert 10 10                     : 1   of 1  
./convert 10 10 10                  : 0   of 1  
./convert 16 10 FF                  : 0   of 1  
./convert 16 10 100                 : 0   of 1  
./convert 10 8 20                   : 0   of 1  
./convert 10 2 127                  : 0   of 1  
./convert 10 16 8191                : 0   of 1  
./convert 10 25 100077900           : 0   of 1  
./convert 2 16 100010001111         : 0   of 1  
./convert 5 10 1234                 : 0   of 1  
./convert 5 10 123456               : 0   of 1  
-------------------------------------------------
CS240: lab3b. huang654 Fri Feb 13 12:17:04 EST 2015  Total:  4 of 14



-------------------------------------------------
CS240: lab3b . huang654   
Fri Feb 13 12:17:21 EST 2015
-------------------------------------------------
./convert                           : 1   of 1  
./convert 10                        : 1   of 1  
./convert 10 10                     : 1   of 1  
./convert 10 10                     : 1   of 1  
./convert 10 10 10                  : 0   of 1  
./convert 16 10 FF                  : 0   of 1  
./convert 16 10 100                 : 0   of 1  
./convert 10 8 20                   : 0   of 1  
./convert 10 2 127                  : 0   of 1  
./convert 10 16 8191                : 0   of 1  
./convert 10 25 100077900           : 0   of 1  
./convert 2 16 100010001111         : 0   of 1  
./convert 5 10 1234                 : 0   of 1  
./convert 5 10 123456               : 1   of 1  
-------------------------------------------------
CS240: lab3b. huang654 Fri Feb 13 12:17:21 EST 2015  Total:  5 of 14



-------------------------------------------------
CS240: lab3b . huang654   
Fri Feb 13 14:59:46 EST 2015
-------------------------------------------------
./convert                           : 1   of 1  
./convert 10                        : 1   of 1  
./convert 10 10                     : 1   of 1  
./convert 10 10                     : 1   of 1  
./convert 10 10 10                  : 0   of 1  
./convert 16 10 FF                  : 0   of 1  
./convert 16 10 100                 : 0   of 1  
./convert 10 8 20                   : 0   of 1  
./convert 10 2 127                  : 0   of 1  
./convert 10 16 8191                : 0   of 1  
./convert 10 25 100077900           : 0   of 1  
./convert 2 16 100010001111         : 0   of 1  
./convert 5 10 1234                 : 0   of 1  
./convert 5 10 123456               : 1   of 1  
-------------------------------------------------
CS240: lab3b. huang654 Fri Feb 13 14:59:46 EST 2015  Total:  5 of 14



-------------------------------------------------
CS240: lab3b . huang654   
Fri Feb 13 15:14:58 EST 2015
-------------------------------------------------
./convert                           : 1   of 1  
./convert 10                        : 1   of 1  
./convert 10 10                     : 1   of 1  
./convert 10 10                     : 1   of 1  
./convert 10 10 10                  : 0   of 1  
./convert 16 10 FF                  : 0   of 1  
./convert 16 10 100                 : 0   of 1  
./convert 10 8 20                   : 0   of 1  
./convert 10 2 127                  : 0   of 1  
./convert 10 16 8191                : 0   of 1  
./convert 10 25 100077900           : 0   of 1  
./convert 2 16 100010001111         : 0   of 1  
./convert 5 10 1234                 : 0   of 1  
./convert 5 10 123456               : 1   of 1  
-------------------------------------------------
CS240: lab3b. huang654 Fri Feb 13 15:14:58 EST 2015  Total:  5 of 14



-------------------------------------------------
CS240: lab3b . huang654   
Fri Feb 13 15:15:44 EST 2015
-------------------------------------------------
./convert                           : 1   of 1  
./convert 10                        : 1   of 1  
./convert 10 10                     : 1   of 1  
./convert 10 10                     : 1   of 1  
./convert 10 10 10                  : 0   of 1  
./convert 16 10 FF                  : 0   of 1  
./convert 16 10 100                 : 0   of 1  
./convert 10 8 20                   : 0   of 1  
./convert 10 2 127                  : 0   of 1  
./convert 10 16 8191                : 0   of 1  
./convert 10 25 100077900           : 0   of 1  
./convert 2 16 100010001111         : 0   of 1  
./convert 5 10 1234                 : 0   of 1  
./convert 5 10 123456               : 1   of 1  
-------------------------------------------------
CS240: lab3b. huang654 Fri Feb 13 15:15:44 EST 2015  Total:  5 of 14



-------------------------------------------------
CS240: lab3b . huang654   
Fri Feb 13 15:26:52 EST 2015
-------------------------------------------------
./convert                           : 1   of 1  
./convert 10                        : 1   of 1  
./convert 10 10                     : 1   of 1  
./convert 10 10                     : 1   of 1  
./convert 10 10 10                  : 0   of 1  
./convert 16 10 FF                  : 0   of 1  
./convert 16 10 100                 : 0   of 1  
./convert 10 8 20                   : 0   of 1  
./convert 10 2 127                  : 0   of 1  
./convert 10 16 8191                : 0   of 1  
./convert 10 25 100077900           : 0   of 1  
./convert 2 16 100010001111         : 0   of 1  
./convert 5 10 1234                 : 0   of 1  
./convert 5 10 123456               : 1   of 1  
-------------------------------------------------
CS240: lab3b. huang654 Fri Feb 13 15:26:52 EST 2015  Total:  5 of 14



-------------------------------------------------
CS240: lab3b . huang654   
Fri Feb 13 15:28:03 EST 2015
-------------------------------------------------
./convert                           : 1   of 1  
./convert 10                        : 1   of 1  
./convert 10 10                     : 1   of 1  
./convert 10 10                     : 1   of 1  
./convert 10 10 10                  : 0   of 1  
./convert 16 10 FF                  : 0   of 1  
./convert 16 10 100                 : 0   of 1  
./convert 10 8 20                   : 0   of 1  
./convert 10 2 127                  : 0   of 1  
./convert 10 16 8191                : 0   of 1  
./convert 10 25 100077900           : 0   of 1  
./convert 2 16 100010001111         : 0   of 1  
./convert 5 10 1234                 : 0   of 1  
./convert 5 10 123456               : 1   of 1  
-------------------------------------------------
CS240: lab3b. huang654 Fri Feb 13 15:28:03 EST 2015  Total:  5 of 14



-------------------------------------------------
CS240: lab3b . huang654   
Fri Feb 13 15:33:29 EST 2015
-------------------------------------------------
./convert                           : 1   of 1  
./convert 10                        : 1   of 1  
./convert 10 10                     : 1   of 1  
./convert 10 10                     : 1   of 1  
./convert 10 10 10                  : 0   of 1  
./convert 16 10 FF                  : 0   of 1  
./convert 16 10 100                 : 0   of 1  
./convert 10 8 20                   : 0   of 1  
./convert 10 2 127                  : 0   of 1  
./convert 10 16 8191                : 0   of 1  
./convert 10 25 100077900           : 0   of 1  
./convert 2 16 100010001111         : 0   of 1  
./convert 5 10 1234                 : 0   of 1  
./convert 5 10 123456               : 1   of 1  
-------------------------------------------------
CS240: lab3b. huang654 Fri Feb 13 15:33:29 EST 2015  Total:  5 of 14



-------------------------------------------------
CS240: lab3b . huang654   
Fri Feb 13 15:44:49 EST 2015
-------------------------------------------------
./convert                           : 1   of 1  
./convert 10                        : 1   of 1  
./convert 10 10                     : 1   of 1  
./convert 10 10                     : 1   of 1  
./convert 10 10 10                  : 1   of 1  
./convert 16 10 FF                  : 1   of 1  
./convert 16 10 100                 : 1   of 1  
./convert 10 8 20                   : 1   of 1  
./convert 10 2 127                  : 1   of 1  
./convert 10 16 8191                : 1   of 1  
./convert 10 25 100077900           : 1   of 1  
./convert 2 16 100010001111         : 1   of 1  
./convert 5 10 1234                 : 1   of 1  
./convert 5 10 123456               : 1   of 1  
-------------------------------------------------
CS240: lab3b. huang654 Fri Feb 13 15:44:49 EST 2015  Total:  14 of 14



-------------------------------------------------
CS240: lab3b . huang654   
Fri Feb 13 15:49:35 EST 2015
-------------------------------------------------
./convert                           : 1   of 1  
./convert 10                        : 1   of 1  
./convert 10 10                     : 1   of 1  
./convert 10 10                     : 1   of 1  
./convert 10 10 10                  : 1   of 1  
./convert 16 10 FF                  : 1   of 1  
./convert 16 10 100                 : 1   of 1  
./convert 10 8 20                   : 1   of 1  
./convert 10 2 127                  : 1   of 1  
./convert 10 16 8191                : 1   of 1  
./convert 10 25 100077900           : 1   of 1  
./convert 2 16 100010001111         : 1   of 1  
./convert 5 10 1234                 : 1   of 1  
./convert 5 10 123456               : 1   of 1  
-------------------------------------------------
CS240: lab3b. huang654 Fri Feb 13 15:49:35 EST 2015  Total:  14 of 14

