[master (root-commit) f75541a] Make IRCclient
 16 files changed, 880 insertions(+)
 create mode 100644 .local.git.out
 create mode 100644 Makefile
 create mode 100755 TestIRCServer
 create mode 100644 TestIRCServer.c
 create mode 100755 entry
 create mode 100644 entry.c
 create mode 100755 hello
 create mode 100644 hello.c
 create mode 100755 panned
 create mode 100644 panned.c
 create mode 100755 radio
 create mode 100644 radio.c
 create mode 100644 talk-client
 create mode 100644 talk-client.c
 create mode 100755 timer
 create mode 100644 timer.c
[master 7421460] Make IRCclient
 2 files changed, 166 insertions(+)
 create mode 100644 IRCClient.cc
[master 745d56a] Make IRCclient
 3 files changed, 6 insertions(+), 1 deletion(-)
 create mode 100755 IRCClient
[master b851867] Make IRCclient
 2 files changed, 9 insertions(+)
[master 5247aaf] Make IRCclient
 2 files changed, 3 insertions(+)
[master f4bfeeb] Make IRCclient
 4 files changed, 52 insertions(+), 12 deletions(-)
[master fceb71b] Make IRCclient
 1 file changed, 2 insertions(+)
[master 8a4b4cf] Make IRCclient
 3 files changed, 5 insertions(+), 3 deletions(-)
[master f9b3f97] Make IRCclient
 1 file changed, 2 insertions(+)
[master 5939ef6] Make IRCclient
 3 files changed, 4 insertions(+), 1 deletion(-)
 rewrite IRCClient (75%)
[master db48f0c] Make IRCclient
 3 files changed, 4 insertions(+), 1 deletion(-)
[master b993b88] Make IRCclient
 3 files changed, 3 insertions(+), 1 deletion(-)
[master c75e3a0] Make IRCclient
 3 files changed, 2 insertions(+), 1 deletion(-)
 rewrite IRCClient (75%)
[master 503aadd] Make IRCclient
 3 files changed, 19 insertions(+), 1 deletion(-)
 rewrite IRCClient (78%)
[master 0e2f960] Make IRCclient
 3 files changed, 783 insertions(+), 90 deletions(-)
 rewrite IRCClient (94%)
[master 45d4736] Make IRCclient
 3 files changed, 12 insertions(+), 9 deletions(-)
[master 6559ed0] Make IRCclient
 1 file changed, 2 insertions(+)
