

-------------------------------------------------
CS240: Lab 2b. cs240   
Sun Jan 25 22:14:59 EST 2015
-------------------------------------------------
test_mystring test1                 : 0   of 3  
test_mystring test2                 : 0   of 3  
test_mystring test3                 : 0   of 3  
test_mystring test4                 : 0   of 3  
test_mystring test5                 : 0   of 3  
test_mystring test6                 : 0   of 3  
test_mystring test7                 : 0   of 3  
-------------------------------------------------
CS240: Lab 2b. cs240 Sun Jan 25 22:14:59 EST 2015  Total:  0 of 21



-------------------------------------------------
CS240: Lab 2b. cs240   
Sun Jan 25 22:15:33 EST 2015
-------------------------------------------------
test_mystring test1                 : 0   of 3  
test_mystring test2                 : 0   of 3  
test_mystring test3                 : 0   of 3  
test_mystring test4                 : 0   of 3  
test_mystring test5                 : 0   of 3  
test_mystring test6                 : 0   of 3  
test_mystring test7                 : 0   of 3  
-------------------------------------------------
CS240: Lab 2b. cs240 Sun Jan 25 22:15:33 EST 2015  Total:  0 of 21



-------------------------------------------------
CS240: Lab 2b. huang654   
Tue Jan 27 16:22:25 EST 2015
-------------------------------------------------
test_mystring test1                 : 0   of 3  
test_mystring test2                 : 0   of 3  
test_mystring test3                 : 0   of 3  
test_mystring test4                 : 0   of 3  
test_mystring test5                 : 0   of 3  
test_mystring test6                 : 0   of 3  
test_mystring test7                 : 0   of 3  
-------------------------------------------------
CS240: Lab 2b. huang654 Tue Jan 27 16:22:25 EST 2015  Total:  0 of 21



-------------------------------------------------
CS240: Lab 2b. huang654   
Tue Jan 27 16:26:52 EST 2015
-------------------------------------------------
test_mystring test1                 : 3   of 3  
test_mystring test2                 : 0   of 3  
test_mystring test3                 : 0   of 3  
test_mystring test4                 : 0   of 3  
test_mystring test5                 : 0   of 3  
test_mystring test6                 : 0   of 3  
test_mystring test7                 : 0   of 3  
-------------------------------------------------
CS240: Lab 2b. huang654 Tue Jan 27 16:26:52 EST 2015  Total:  3 of 21



-------------------------------------------------
CS240: Lab 2b. huang654   
Tue Jan 27 16:30:16 EST 2015
-------------------------------------------------
test_mystring test1                 : 3   of 3  
test_mystring test2                 : 3   of 3  
test_mystring test3                 : 0   of 3  
test_mystring test4                 : 0   of 3  
test_mystring test5                 : 0   of 3  
test_mystring test6                 : 0   of 3  
test_mystring test7                 : 0   of 3  
-------------------------------------------------
CS240: Lab 2b. huang654 Tue Jan 27 16:30:16 EST 2015  Total:  6 of 21



-------------------------------------------------
CS240: Lab 2b. huang654   
Tue Jan 27 16:36:56 EST 2015
-------------------------------------------------
test_mystring test1                 : 3   of 3  
test_mystring test2                 : 3   of 3  
test_mystring test3                 : 0   of 3  
test_mystring test4                 : 0   of 3  
test_mystring test5                 : 0   of 3  
test_mystring test6                 : 0   of 3  
test_mystring test7                 : 0   of 3  
-------------------------------------------------
CS240: Lab 2b. huang654 Tue Jan 27 16:36:56 EST 2015  Total:  6 of 21



-------------------------------------------------
CS240: Lab 2b. huang654   
Tue Jan 27 16:37:58 EST 2015
-------------------------------------------------
test_mystring test1                 : 3   of 3  
test_mystring test2                 : 3   of 3  
test_mystring test3                 : 0   of 3  
test_mystring test4                 : 0   of 3  
test_mystring test5                 : 0   of 3  
test_mystring test6                 : 0   of 3  
test_mystring test7                 : 0   of 3  
-------------------------------------------------
CS240: Lab 2b. huang654 Tue Jan 27 16:37:58 EST 2015  Total:  6 of 21



-------------------------------------------------
CS240: Lab 2b. huang654   
Tue Jan 27 16:42:38 EST 2015
-------------------------------------------------
test_mystring test1                 : 3   of 3  
test_mystring test2                 : 3   of 3  
test_mystring test3                 : 3   of 3  
test_mystring test4                 : 0   of 3  
test_mystring test5                 : 0   of 3  
test_mystring test6                 : 0   of 3  
test_mystring test7                 : 0   of 3  
-------------------------------------------------
CS240: Lab 2b. huang654 Tue Jan 27 16:42:38 EST 2015  Total:  9 of 21



-------------------------------------------------
CS240: Lab 2b. huang654   
Tue Jan 27 16:49:32 EST 2015
-------------------------------------------------
test_mystring test1                 : 3   of 3  
test_mystring test2                 : 3   of 3  
test_mystring test3                 : 3   of 3  
test_mystring test4                 : 3   of 3  
test_mystring test5                 : 0   of 3  
test_mystring test6                 : 0   of 3  
test_mystring test7                 : 0   of 3  
-------------------------------------------------
CS240: Lab 2b. huang654 Tue Jan 27 16:49:32 EST 2015  Total:  12 of 21



-------------------------------------------------
CS240: Lab 2b. huang654   
Tue Jan 27 16:55:25 EST 2015
-------------------------------------------------
test_mystring test1                 : 3   of 3  
test_mystring test2                 : 3   of 3  
test_mystring test3                 : 3   of 3  
test_mystring test4                 : 3   of 3  
test_mystring test5                 : 0   of 3  
test_mystring test6                 : 3   of 3  
test_mystring test7                 : 0   of 3  
-------------------------------------------------
CS240: Lab 2b. huang654 Tue Jan 27 16:55:25 EST 2015  Total:  15 of 21



-------------------------------------------------
CS240: Lab 2b. huang654   
Tue Jan 27 17:12:25 EST 2015
-------------------------------------------------
test_mystring test1                 : 3   of 3  
test_mystring test2                 : 3   of 3  
test_mystring test3                 : 3   of 3  
test_mystring test4                 : 3   of 3  
test_mystring test6                 : 3   of 3  
test_mystring test7                 : 0   of 3  
-------------------------------------------------
CS240: Lab 2b. huang654 Tue Jan 27 17:12:25 EST 2015  Total:  15 of 21



-------------------------------------------------
CS240: Lab 2b. huang654   
Tue Jan 27 17:15:15 EST 2015
-------------------------------------------------
test_mystring test1                 : 3   of 3  
test_mystring test2                 : 3   of 3  
test_mystring test3                 : 3   of 3  
test_mystring test4                 : 3   of 3  
test_mystring test6                 : 3   of 3  
test_mystring test7                 : 3   of 3  
-------------------------------------------------
CS240: Lab 2b. huang654 Tue Jan 27 17:15:15 EST 2015  Total:  18 of 21



-------------------------------------------------
CS240: Lab 2b. huang654   
Tue Jan 27 17:19:20 EST 2015
-------------------------------------------------
test_mystring test1                 : 3   of 3  
test_mystring test2                 : 3   of 3  
test_mystring test3                 : 3   of 3  
test_mystring test4                 : 3   of 3  
test_mystring test6                 : 3   of 3  
test_mystring test7                 : 3   of 3  
-------------------------------------------------
CS240: Lab 2b. huang654 Tue Jan 27 17:19:20 EST 2015  Total:  18 of 21



-------------------------------------------------
CS240: Lab 2b. huang654   
Tue Jan 27 23:57:18 EST 2015
-------------------------------------------------
test_mystring test1                 : 3   of 3  
test_mystring test2                 : 3   of 3  
test_mystring test3                 : 3   of 3  
test_mystring test4                 : 3   of 3  
test_mystring test5                 : 0   of 3  
test_mystring test6                 : 3   of 3  
test_mystring test7                 : 3   of 3  
-------------------------------------------------
CS240: Lab 2b. huang654 Tue Jan 27 23:57:18 EST 2015  Total:  18 of 21



-------------------------------------------------
CS240: Lab 2b. huang654   
Tue Jan 27 23:58:16 EST 2015
-------------------------------------------------
test_mystring test1                 : 3   of 3  
test_mystring test2                 : 3   of 3  
test_mystring test3                 : 3   of 3  
test_mystring test4                 : 3   of 3  
test_mystring test5                 : 3   of 3  
test_mystring test6                 : 3   of 3  
test_mystring test7                 : 3   of 3  
-------------------------------------------------
CS240: Lab 2b. huang654 Tue Jan 27 23:58:16 EST 2015  Total:  21 of 21



-------------------------------------------------
CS240: Lab 2b. huang654   
Wed Jan 28 11:31:48 EST 2015
-------------------------------------------------
test_mystring test1                 : 3   of 3  
test_mystring test2                 : 3   of 3  
test_mystring test3                 : 3   of 3  
test_mystring test4                 : 3   of 3  
test_mystring test5                 : 0   of 3  
test_mystring test6                 : 3   of 3  
test_mystring test7                 : 3   of 3  
-------------------------------------------------
CS240: Lab 2b. huang654 Wed Jan 28 11:31:48 EST 2015  Total:  18 of 21



-------------------------------------------------
CS240: Lab 2b. huang654   
Wed Jan 28 11:32:56 EST 2015
-------------------------------------------------
test_mystring test1                 : 3   of 3  
test_mystring test2                 : 3   of 3  
test_mystring test3                 : 3   of 3  
test_mystring test4                 : 3   of 3  
test_mystring test5                 : 3   of 3  
test_mystring test6                 : 3   of 3  
test_mystring test7                 : 3   of 3  
-------------------------------------------------
CS240: Lab 2b. huang654 Wed Jan 28 11:32:56 EST 2015  Total:  21 of 21

